INFO : com.javateam.demo4.Demo4Application                ===> Starting Demo4Application using Java 17.0.9 with PID 17596 (C:\ALEELIM\works\spring4\demo4\bin\main started by cofla in C:\ALEELIM\works\spring4\demo4) : [2024-01-23 12:32:23]
INFO : com.javateam.demo4.Demo4Application                ===> No active profile set, falling back to 1 default profile: "default" : [2024-01-23 12:32:23]
INFO : o.s.b.d.env.DevToolsPropertyDefaultsPostProcessor  ===> Devtools property defaults active! Set 'spring.devtools.add-properties' to 'false' to disable : [2024-01-23 12:32:23]
INFO : o.s.b.d.env.DevToolsPropertyDefaultsPostProcessor  ===> For additional web related logging consider setting the 'logging.level.web' property to 'DEBUG' : [2024-01-23 12:32:23]
INFO : o.s.boot.web.embedded.tomcat.TomcatWebServer       ===> Tomcat initialized with port(s): 8181 (http) : [2024-01-23 12:32:24]
INFO : org.apache.catalina.core.StandardService           ===> Starting service [Tomcat] : [2024-01-23 12:32:24]
INFO : org.apache.catalina.core.StandardEngine            ===> Starting Servlet engine: [Apache Tomcat/10.1.17] : [2024-01-23 12:32:24]
INFO : o.a.c.c.C.[Tomcat].[localhost].[/demo4]            ===> Initializing Spring embedded WebApplicationContext : [2024-01-23 12:32:24]
INFO : o.s.b.w.s.c.ServletWebServerApplicationContext     ===> Root WebApplicationContext: initialization completed in 776 ms : [2024-01-23 12:32:24]
WARN : o.s.b.d.autoconfigure.OptionalLiveReloadServer     ===> Unable to start LiveReload server : [2024-01-23 12:32:24]
WARN : o.s.b.w.s.c.AnnotationConfigServletWebServerApplicationContext ===> Exception encountered during context initialization - cancelling refresh attempt: org.springframework.context.ApplicationContextException: Failed to start bean 'webServerStartStop' : [2024-01-23 12:32:24]
INFO : org.apache.catalina.core.StandardService           ===> Stopping service [Tomcat] : [2024-01-23 12:32:24]
INFO : o.s.b.a.logging.ConditionEvaluationReportLogger    ===> 

Error starting ApplicationContext. To display the condition evaluation report re-run your application with 'debug' enabled. : [2024-01-23 12:32:24]
ERROR: o.s.b.diagnostics.LoggingFailureAnalysisReporter   ===> 

***************************
APPLICATION FAILED TO START
***************************

Description:

Web server failed to start. Port 8181 was already in use.

Action:

Identify and stop the process that's listening on port 8181 or configure this application to listen on another port.
 : [2024-01-23 12:32:25]
